0 info it worked if it ends with ok
1 verbose cli [ '/usr/bin/nodejs', '/usr/bin/npm', 'install', 'html' ]
2 info using npm@1.3.10
3 info using node@v0.10.25
4 warn package.json 2@1.0.1 No README data
5 verbose readDependencies using package.json deps
6 verbose cache add [ 'html@^0.0.7', null ]
7 verbose cache add name=undefined spec="html@^0.0.7" args=["html@^0.0.7",null]
8 verbose parsed url { protocol: null,
8 verbose parsed url   slashes: null,
8 verbose parsed url   auth: null,
8 verbose parsed url   host: null,
8 verbose parsed url   port: null,
8 verbose parsed url   hostname: null,
8 verbose parsed url   hash: null,
8 verbose parsed url   search: null,
8 verbose parsed url   query: null,
8 verbose parsed url   pathname: 'html@^0.0.7',
8 verbose parsed url   path: 'html@^0.0.7',
8 verbose parsed url   href: 'html@^0.0.7' }
9 verbose cache add name="html" spec="^0.0.7" args=["html","^0.0.7"]
10 verbose parsed url { protocol: null,
10 verbose parsed url   slashes: null,
10 verbose parsed url   auth: null,
10 verbose parsed url   host: null,
10 verbose parsed url   port: null,
10 verbose parsed url   hostname: null,
10 verbose parsed url   hash: null,
10 verbose parsed url   search: null,
10 verbose parsed url   query: null,
10 verbose parsed url   pathname: '^0.0.7',
10 verbose parsed url   path: '^0.0.7',
10 verbose parsed url   href: '^0.0.7' }
11 verbose addNamed [ 'html', '^0.0.7' ]
12 verbose addNamed [ null, '=0.0.7' ]
13 silly lockFile a5dbc439-html-0-0-7 html@^0.0.7
14 verbose lock html@^0.0.7 /home/fk/.npm/a5dbc439-html-0-0-7.lock
15 silly addNameRange { name: 'html', range: '=0.0.7', hasData: false }
16 verbose url raw html
17 verbose url resolving [ 'https://registry.npmjs.org/', './html' ]
18 verbose url resolved https://registry.npmjs.org/html
19 info trying registry request attempt 1 at 15:12:41
20 http GET https://registry.npmjs.org/html
21 http 200 https://registry.npmjs.org/html
22 silly registry.get cb [ 200,
22 silly registry.get   { date: 'Thu, 08 Jan 2015 20:12:41 GMT',
22 silly registry.get     server: 'CouchDB/1.5.0 (Erlang OTP/R16B03)',
22 silly registry.get     etag: '"9K1WBA27PJPPFMTCJIE40TGWQ"',
22 silly registry.get     'content-type': 'application/json',
22 silly registry.get     'cache-control': 'max-age=60',
22 silly registry.get     'content-length': '19958',
22 silly registry.get     'accept-ranges': 'bytes',
22 silly registry.get     via: '1.1 varnish',
22 silly registry.get     age: '0',
22 silly registry.get     'x-served-by': 'cache-jfk1032-JFK',
22 silly registry.get     'x-cache': 'MISS',
22 silly registry.get     'x-cache-hits': '0',
22 silly registry.get     'x-timer': 'S1420747961.648929,VS0,VE13',
22 silly registry.get     vary: 'Accept',
22 silly registry.get     'keep-alive': 'timeout=10, max=50',
22 silly registry.get     connection: 'Keep-Alive' } ]
23 silly addNameRange number 2 { name: 'html', range: '=0.0.7', hasData: true }
24 silly addNameRange versions [ 'html',
24 silly addNameRange   [ '0.0.1', '0.0.2', '0.0.3', '0.0.4', '0.0.5', '0.0.6', '0.0.7' ] ]
25 verbose addNamed [ 'html', '0.0.7' ]
26 verbose addNamed [ '0.0.7', '0.0.7' ]
27 silly lockFile ae01b0a1-html-0-0-7 html@0.0.7
28 verbose lock html@0.0.7 /home/fk/.npm/ae01b0a1-html-0-0-7.lock
29 silly lockFile 24024515-ry-npmjs-org-html-html-0-0-7-tgz https://registry.npmjs.org/html/-/html-0.0.7.tgz
30 verbose lock https://registry.npmjs.org/html/-/html-0.0.7.tgz /home/fk/.npm/24024515-ry-npmjs-org-html-html-0-0-7-tgz.lock
31 verbose addRemoteTarball [ 'https://registry.npmjs.org/html/-/html-0.0.7.tgz',
31 verbose addRemoteTarball   '572980bb55a2ff3fe92fb394723f04f9d48d3773' ]
32 info retry fetch attempt 1 at 15:12:41
33 verbose fetch to= /home/fk/tmp/npm-22011-knVdcm_-/1420747961506-0.3983747991733253/tmp.tgz
34 http GET https://registry.npmjs.org/html/-/html-0.0.7.tgz
35 http 200 https://registry.npmjs.org/html/-/html-0.0.7.tgz
36 verbose tar unpack /home/fk/tmp/npm-22011-knVdcm_-/1420747961506-0.3983747991733253/tmp.tgz
37 silly lockFile ca1e9f1e-61506-0-3983747991733253-package tar:///home/fk/tmp/npm-22011-knVdcm_-/1420747961506-0.3983747991733253/package
38 verbose lock tar:///home/fk/tmp/npm-22011-knVdcm_-/1420747961506-0.3983747991733253/package /home/fk/.npm/ca1e9f1e-61506-0-3983747991733253-package.lock
39 silly lockFile 20fd1624-61506-0-3983747991733253-tmp-tgz tar:///home/fk/tmp/npm-22011-knVdcm_-/1420747961506-0.3983747991733253/tmp.tgz
40 verbose lock tar:///home/fk/tmp/npm-22011-knVdcm_-/1420747961506-0.3983747991733253/tmp.tgz /home/fk/.npm/20fd1624-61506-0-3983747991733253-tmp-tgz.lock
41 silly gunzTarPerm modes [ '755', '644' ]
42 silly gunzTarPerm extractEntry package.json
43 silly gunzTarPerm extractEntry .npmignore
44 silly gunzTarPerm extractEntry bin/html.js
45 silly gunzTarPerm extractEntry img/after.png
46 silly gunzTarPerm extractEntry img/before.png
47 silly gunzTarPerm extractEntry img/copyashtml.png
48 silly gunzTarPerm extractEntry lib/html.js
49 silly gunzTarPerm extractEntry readme.md
50 silly gunzTarPerm extractEntry src/html.js
51 silly lockFile ca1e9f1e-61506-0-3983747991733253-package tar:///home/fk/tmp/npm-22011-knVdcm_-/1420747961506-0.3983747991733253/package
52 silly lockFile ca1e9f1e-61506-0-3983747991733253-package tar:///home/fk/tmp/npm-22011-knVdcm_-/1420747961506-0.3983747991733253/package
53 silly lockFile 20fd1624-61506-0-3983747991733253-tmp-tgz tar:///home/fk/tmp/npm-22011-knVdcm_-/1420747961506-0.3983747991733253/tmp.tgz
54 silly lockFile 20fd1624-61506-0-3983747991733253-tmp-tgz tar:///home/fk/tmp/npm-22011-knVdcm_-/1420747961506-0.3983747991733253/tmp.tgz
55 verbose tar pack [ '/home/fk/.npm/html/0.0.7/package.tgz',
55 verbose tar pack   '/home/fk/tmp/npm-22011-knVdcm_-/1420747961506-0.3983747991733253/package' ]
56 verbose tarball /home/fk/.npm/html/0.0.7/package.tgz
57 verbose folder /home/fk/tmp/npm-22011-knVdcm_-/1420747961506-0.3983747991733253/package
58 silly lockFile ca1e9f1e-61506-0-3983747991733253-package tar:///home/fk/tmp/npm-22011-knVdcm_-/1420747961506-0.3983747991733253/package
59 verbose lock tar:///home/fk/tmp/npm-22011-knVdcm_-/1420747961506-0.3983747991733253/package /home/fk/.npm/ca1e9f1e-61506-0-3983747991733253-package.lock
60 silly lockFile e1509909-me-fk-npm-html-0-0-7-package-tgz tar:///home/fk/.npm/html/0.0.7/package.tgz
61 verbose lock tar:///home/fk/.npm/html/0.0.7/package.tgz /home/fk/.npm/e1509909-me-fk-npm-html-0-0-7-package-tgz.lock
62 silly lockFile ca1e9f1e-61506-0-3983747991733253-package tar:///home/fk/tmp/npm-22011-knVdcm_-/1420747961506-0.3983747991733253/package
63 silly lockFile ca1e9f1e-61506-0-3983747991733253-package tar:///home/fk/tmp/npm-22011-knVdcm_-/1420747961506-0.3983747991733253/package
64 silly lockFile e1509909-me-fk-npm-html-0-0-7-package-tgz tar:///home/fk/.npm/html/0.0.7/package.tgz
65 silly lockFile e1509909-me-fk-npm-html-0-0-7-package-tgz tar:///home/fk/.npm/html/0.0.7/package.tgz
66 silly lockFile 9568385e-home-fk-npm-html-0-0-7-package /home/fk/.npm/html/0.0.7/package
67 verbose lock /home/fk/.npm/html/0.0.7/package /home/fk/.npm/9568385e-home-fk-npm-html-0-0-7-package.lock
68 silly lockFile 9568385e-home-fk-npm-html-0-0-7-package /home/fk/.npm/html/0.0.7/package
69 silly lockFile 9568385e-home-fk-npm-html-0-0-7-package /home/fk/.npm/html/0.0.7/package
70 verbose tar unpack /home/fk/.npm/html/0.0.7/package.tgz
71 silly lockFile f55350a4-r-home-fk-npm-html-0-0-7-package tar:///home/fk/.npm/html/0.0.7/package
72 verbose lock tar:///home/fk/.npm/html/0.0.7/package /home/fk/.npm/f55350a4-r-home-fk-npm-html-0-0-7-package.lock
73 silly lockFile e1509909-me-fk-npm-html-0-0-7-package-tgz tar:///home/fk/.npm/html/0.0.7/package.tgz
74 verbose lock tar:///home/fk/.npm/html/0.0.7/package.tgz /home/fk/.npm/e1509909-me-fk-npm-html-0-0-7-package-tgz.lock
75 silly gunzTarPerm modes [ '755', '644' ]
76 silly gunzTarPerm extractEntry package.json
77 silly gunzTarPerm extractEntry .npmignore
78 silly gunzTarPerm extractEntry bin/html.js
79 silly gunzTarPerm extractEntry img/after.png
80 silly gunzTarPerm extractEntry img/before.png
81 silly gunzTarPerm extractEntry img/copyashtml.png
82 silly gunzTarPerm extractEntry lib/html.js
83 silly gunzTarPerm extractEntry readme.md
84 silly gunzTarPerm extractEntry src/html.js
85 silly lockFile f55350a4-r-home-fk-npm-html-0-0-7-package tar:///home/fk/.npm/html/0.0.7/package
86 silly lockFile f55350a4-r-home-fk-npm-html-0-0-7-package tar:///home/fk/.npm/html/0.0.7/package
87 silly lockFile e1509909-me-fk-npm-html-0-0-7-package-tgz tar:///home/fk/.npm/html/0.0.7/package.tgz
88 silly lockFile e1509909-me-fk-npm-html-0-0-7-package-tgz tar:///home/fk/.npm/html/0.0.7/package.tgz
89 verbose chmod /home/fk/.npm/html/0.0.7/package.tgz 644
90 verbose chown /home/fk/.npm/html/0.0.7/package.tgz [ 1000, 1000 ]
91 silly lockFile 24024515-ry-npmjs-org-html-html-0-0-7-tgz https://registry.npmjs.org/html/-/html-0.0.7.tgz
92 silly lockFile 24024515-ry-npmjs-org-html-html-0-0-7-tgz https://registry.npmjs.org/html/-/html-0.0.7.tgz
93 silly lockFile ae01b0a1-html-0-0-7 html@0.0.7
94 silly lockFile ae01b0a1-html-0-0-7 html@0.0.7
95 silly lockFile a5dbc439-html-0-0-7 html@^0.0.7
96 silly lockFile a5dbc439-html-0-0-7 html@^0.0.7
97 silly resolved [ { name: 'html',
97 silly resolved     version: '0.0.7',
97 silly resolved     engines: [ 'node >=0.4.0' ],
97 silly resolved     description: 'HTML pretty printer.',
97 silly resolved     author:
97 silly resolved      { name: 'Max Ogden',
97 silly resolved        email: 'max@maxogden.com',
97 silly resolved        url: 'http://maxogden.com' },
97 silly resolved     contributors: [ [Object], [Object] ],
97 silly resolved     keywords:
97 silly resolved      [ 'html',
97 silly resolved        'tabifier',
97 silly resolved        'beautifier',
97 silly resolved        'prettyprinter',
97 silly resolved        'prettifier',
97 silly resolved        'pretty',
97 silly resolved        'command',
97 silly resolved        'shell' ],
97 silly resolved     repository:
97 silly resolved      { type: 'git',
97 silly resolved        url: 'https://github.com/maxogden/commonjs-html-prettyprinter.git' },
97 silly resolved     bin: { html: './bin/html.js' },
97 silly resolved     main: 'lib/html.js',
97 silly resolved     readme: '# html prettyprinter\n\nA node port of beautify-html.js by Nochum Sossonko which is based on jsbeautifier by Einar Lielmanis\n\n## Installation\n\n### from npm (node package manager)\n``` bash\n  npm install html\n```\n\n## Usage (command line)\n\n```\n  echo "<h2><strong><a href="http://awesome.com">AwesomeCom</a></strong><span>is awesome</span></h2>" | html\n```\n\nreturns:\n  \n``` html  \n  <h2>\n      <strong>\n          <a href=http://awesome.com>AwesomeCom</a>\n      </strong>\n      <span>\n          is awesome\n      </span>\n  </h2>\n````\n\n`html foo.html` will write the prettified version to `stdout`.\n\n`html *.html` will *update in place* all matching html files with their prettified versions.\n\n## Advanced usage\n\nI find myself constantly using the \'Copy as HTML\' feature of the Chrome Inspector:\n\n![Copy as HTML](https://github.com/maxogden/commonjs-html-prettyprinter/raw/master/img/copyashtml.png)\n\nThe downside is that that usually the HTML that gets copied is pretty ugly:\n\n![Before pretty printing](https://github.com/maxogden/commonjs-html-prettyprinter/raw/master/img/before.png)\n\nOn OS X you can use `pbpaste` and `pbcopy` to stream your clipboard in and out of unix pipes. With the ugly HTML still in your clipboard run this command:\n\n`pbpaste | html | pbcopy`\n\nNow when you paste your clipboard into an editor you will get nice, pretty printed HTML:\n\n![After pretty printing](https://github.com/maxogden/commonjs-html-prettyprinter/raw/master/img/after.png)\n\n## Upgrading\n\ngrab the newest `beautify-html.js` from [js-beautifier](https://github.com/einars/js-beautify) and drop it into `lib/` as `html.js`. then add the following code to the bottom of `html.js`:\n\n```javascript\n  module.exports = { prettyPrint: style_html }\n```\n\nBSD LICENSE',
97 silly resolved     readmeFilename: 'readme.md',
97 silly resolved     bugs: { url: 'https://github.com/maxogden/commonjs-html-prettyprinter/issues' },
97 silly resolved     _id: 'html@0.0.7',
97 silly resolved     dist: { shasum: '82fd54c343f849325d96105c453ace3fdea1330a' },
97 silly resolved     _from: 'html@^0.0.7',
97 silly resolved     _resolved: 'https://registry.npmjs.org/html/-/html-0.0.7.tgz' } ]
98 info install html@0.0.7 into /home/fk/d/rmf
99 info installOne html@0.0.7
100 info /home/fk/d/rmf/node_modules/html unbuild
101 info preuninstall html@0.0.7
102 info uninstall html@0.0.7
103 verbose true,/home/fk/d/rmf/node_modules,/home/fk/d/rmf/node_modules unbuild html@0.0.7
104 verbose /home/fk/d/rmf/node_modules/.bin,[object Object] binRoot
105 info /home/fk/d/rmf/node_modules/html unbuild
106 info preuninstall html@0.0.7
107 info uninstall html@0.0.7
108 verbose true,/home/fk/d/rmf/node_modules,/home/fk/d/rmf/node_modules unbuild html@0.0.7
109 verbose /home/fk/d/rmf/node_modules/.bin,[object Object] binRoot
110 info postuninstall html@0.0.7
111 error Refusing to delete: /home/fk/d/rmf/node_modules/.bin/html not in /home/fk/d/rmf/node_modules/html
File exists: /home/fk/d/rmf/node_modules/.bin/html
Move it away, and try again.
112 error System Linux 3.13.0-43-generic
113 error command "/usr/bin/nodejs" "/usr/bin/npm" "install" "html"
114 error cwd /home/fk/d/rmf
115 error node -v v0.10.25
116 error npm -v 1.3.10
117 error path /home/fk/d/rmf/node_modules/.bin/html
118 error code EEXIST
119 verbose exit [ 1, true ]
